<?xml version="1.0" encoding="UTF-8"?>
<!-- Generated by org.testng.reporters.JUnitXMLReporter -->
<testsuite hostname="WindowProNew" ignored="0" name="Test1" tests="3" failures="0" timestamp="24 Sep 2020 13:12:29 GMT" time="8.187" errors="0">
  <testcase name="registrationPageTest" time="2.054" classname="com.newtours.tests.BookFlightTest"/>
  <testcase name="registrationConfirmationPageTest" time="0.664" classname="com.newtours.tests.BookFlightTest"/>
  <testcase name="flightDetailsPageTest" time="0.738" classname="com.newtours.tests.BookFlightTest"/>
</testsuite> <!-- Test1 -->
