<?xml version="1.0" encoding="UTF-8"?>
<!-- Generated by org.testng.reporters.JUnitXMLReporter -->
<testsuite hostname="WindowProNew" ignored="0" name="Test2" tests="3" failures="0" timestamp="24 Sep 2020 13:12:39 GMT" time="9.516" errors="0">
  <testcase name="registrationPageTest" time="4.146" classname="com.newtours.tests.BookFlightTest"/>
  <testcase name="registrationConfirmationPageTest" time="0.606" classname="com.newtours.tests.BookFlightTest"/>
  <testcase name="flightDetailsPageTest" time="0.86" classname="com.newtours.tests.BookFlightTest"/>
</testsuite> <!-- Test2 -->
