<?xml version="1.0" encoding="UTF-8"?>
<!-- Generated by org.testng.reporters.JUnitXMLReporter -->
<testsuite hostname="WindowProNew" ignored="0" name="Test1" tests="5" failures="0" timestamp="27 Oct 2019 08:29:01 GMT" time="18.004" errors="0">
  <testcase name="registrationPageTest" time="8.381" classname="com.newtours.tests.BookFlightTest"/>
  <testcase name="registrationConfirmationPageTest" time="0.908" classname="com.newtours.tests.BookFlightTest"/>
  <testcase name="flightDetailsPageTest" time="1.302" classname="com.newtours.tests.BookFlightTest"/>
  <testcase name="findFlightPageTest" time="1.584" classname="com.newtours.tests.BookFlightTest"/>
  <testcase name="flightConfirmationPageTest" time="1.092" classname="com.newtours.tests.BookFlightTest"/>
</testsuite> <!-- Test1 -->
