<?xml version="1.0" encoding="UTF-8"?>
<testng-results skipped="0" failed="0" ignored="0" total="2" passed="2">
  <reporter-output>
  </reporter-output>
  <suite name="search-module" duration-ms="26100" started-at="2020-09-24T18:15:30Z" finished-at="2020-09-24T18:15:56Z">
    <groups>
    </groups>
    <test name="search-test-docker" duration-ms="18232" started-at="2020-09-24T18:15:30Z" finished-at="2020-09-24T18:15:48Z">
      <class name="com.search.tests.SearchTest">
        <test-method status="PASS" signature="setupDriver()[pri:0, instance:com.search.tests.SearchTest@1794d431]" name="setupDriver" is-config="true" duration-ms="11163" started-at="2020-09-24T18:15:30Z" finished-at="2020-09-24T18:15:41Z">
          <reporter-output>
          </reporter-output>
        </test-method> <!-- setupDriver -->
        <test-method status="PASS" signature="search(java.lang.String)[pri:0, instance:com.search.tests.SearchTest@1794d431]" name="search" duration-ms="6840" started-at="2020-09-24T18:15:41Z" finished-at="2020-09-24T18:15:48Z">
          <params>
            <param index="0">
              <value>
                <![CDATA[docker]]>
              </value>
            </param>
          </params>
          <reporter-output>
          </reporter-output>
        </test-method> <!-- search -->
        <test-method status="PASS" signature="tearDown()[pri:0, instance:com.search.tests.SearchTest@1794d431]" name="tearDown" is-config="true" duration-ms="198" started-at="2020-09-24T18:15:48Z" finished-at="2020-09-24T18:15:48Z">
          <reporter-output>
          </reporter-output>
        </test-method> <!-- tearDown -->
      </class> <!-- com.search.tests.SearchTest -->
    </test> <!-- search-test-docker -->
    <test name="search-test-selenium" duration-ms="26100" started-at="2020-09-24T18:15:30Z" finished-at="2020-09-24T18:15:56Z">
      <class name="com.search.tests.SearchTest">
        <test-method status="PASS" signature="setupDriver()[pri:0, instance:com.search.tests.SearchTest@224edc67]" name="setupDriver" is-config="true" duration-ms="19584" started-at="2020-09-24T18:15:30Z" finished-at="2020-09-24T18:15:50Z">
          <reporter-output>
          </reporter-output>
        </test-method> <!-- setupDriver -->
        <test-method status="PASS" signature="search(java.lang.String)[pri:0, instance:com.search.tests.SearchTest@224edc67]" name="search" duration-ms="6346" started-at="2020-09-24T18:15:50Z" finished-at="2020-09-24T18:15:56Z">
          <params>
            <param index="0">
              <value>
                <![CDATA[selenium]]>
              </value>
            </param>
          </params>
          <reporter-output>
          </reporter-output>
        </test-method> <!-- search -->
        <test-method status="PASS" signature="tearDown()[pri:0, instance:com.search.tests.SearchTest@224edc67]" name="tearDown" is-config="true" duration-ms="131" started-at="2020-09-24T18:15:56Z" finished-at="2020-09-24T18:15:56Z">
          <reporter-output>
          </reporter-output>
        </test-method> <!-- tearDown -->
      </class> <!-- com.search.tests.SearchTest -->
    </test> <!-- search-test-selenium -->
  </suite> <!-- search-module -->
</testng-results>
